  main.c
C:\Users\skyriv\Desktop\Study\Major_all_in_one_C\Data structue_Algorithm\19_AVL_Tree\main.c(53,35): warning C4133: '함수': 'Node *'과(와) 'Node *' 사이의 형식이 호환되지 않습니다.
C:\Users\skyriv\Desktop\Study\Major_all_in_one_C\Data structue_Algorithm\19_AVL_Tree\main.c(53,64): warning C4133: '함수': 'Node *'과(와) 'Node *' 사이의 형식이 호환되지 않습니다.
C:\Users\skyriv\Desktop\Study\Major_all_in_one_C\Data structue_Algorithm\19_AVL_Tree\main.c(62,1): warning C4133: '초기화 중': 'Node *'과(와) 'Node *' 사이의 형식이 호환되지 않습니다.
C:\Users\skyriv\Desktop\Study\Major_all_in_one_C\Data structue_Algorithm\19_AVL_Tree\main.c(63,1): warning C4133: '초기화 중': 'Node *'과(와) 'Node *' 사이의 형식이 호환되지 않습니다.
C:\Users\skyriv\Desktop\Study\Major_all_in_one_C\Data structue_Algorithm\19_AVL_Tree\main.c(71,30): warning C4133: '=': 'Node *'과(와) 'Node *' 사이의 형식이 호환되지 않습니다.
C:\Users\skyriv\Desktop\Study\Major_all_in_one_C\Data structue_Algorithm\19_AVL_Tree\main.c(69,1): warning C4133: '초기화 중': 'Node *'과(와) 'Node *' 사이의 형식이 호환되지 않습니다.
C:\Users\skyriv\Desktop\Study\Major_all_in_one_C\Data structue_Algorithm\19_AVL_Tree\main.c(80,30): warning C4133: '=': 'Node *'과(와) 'Node *' 사이의 형식이 호환되지 않습니다.
C:\Users\skyriv\Desktop\Study\Major_all_in_one_C\Data structue_Algorithm\19_AVL_Tree\main.c(78,1): warning C4133: '초기화 중': 'Node *'과(와) 'Node *' 사이의 형식이 호환되지 않습니다.
C:\Users\skyriv\Desktop\Study\Major_all_in_one_C\Data structue_Algorithm\19_AVL_Tree\main.c(89,28): warning C4013: 'ratateRR'이(가) 정의되지 않았습니다. extern은 int형을 반환하는 것으로 간주합니다.
C:\Users\skyriv\Desktop\Study\Major_all_in_one_C\Data structue_Algorithm\19_AVL_Tree\main.c(89,39): warning C4047: '=': 'Node *'의 간접 참조 수준이 'int'과(와) 다릅니다.
C:\Users\skyriv\Desktop\Study\Major_all_in_one_C\Data structue_Algorithm\19_AVL_Tree\main.c(90,27): warning C4133: '함수': 'Node *'과(와) 'Node *' 사이의 형식이 호환되지 않습니다.
C:\Users\skyriv\Desktop\Study\Major_all_in_one_C\Data structue_Algorithm\19_AVL_Tree\main.c(88,1): warning C4133: '초기화 중': 'Node *'과(와) 'Node *' 사이의 형식이 호환되지 않습니다.
C:\Users\skyriv\Desktop\Study\Major_all_in_one_C\Data structue_Algorithm\19_AVL_Tree\main.c(97,29): warning C4013: 'ratateLL'이(가) 정의되지 않았습니다. extern은 int형을 반환하는 것으로 간주합니다.
C:\Users\skyriv\Desktop\Study\Major_all_in_one_C\Data structue_Algorithm\19_AVL_Tree\main.c(97,41): warning C4047: '=': 'Node *'의 간접 참조 수준이 'int'과(와) 다릅니다.
C:\Users\skyriv\Desktop\Study\Major_all_in_one_C\Data structue_Algorithm\19_AVL_Tree\main.c(98,28): warning C4133: '함수': 'Node *'과(와) 'Node *' 사이의 형식이 호환되지 않습니다.
C:\Users\skyriv\Desktop\Study\Major_all_in_one_C\Data structue_Algorithm\19_AVL_Tree\main.c(96,1): warning C4133: '초기화 중': 'Node *'과(와) 'Node *' 사이의 형식이 호환되지 않습니다.
C:\Users\skyriv\Desktop\Study\Major_all_in_one_C\Data structue_Algorithm\19_AVL_Tree\main.c(111,36): warning C4133: '함수': 'Node *'과(와) 'Node *' 사이의 형식이 호환되지 않습니다.
C:\Users\skyriv\Desktop\Study\Major_all_in_one_C\Data structue_Algorithm\19_AVL_Tree\main.c(119,37): warning C4133: '함수': 'Node *'과(와) 'Node *' 사이의 형식이 호환되지 않습니다.
C:\Users\skyriv\Desktop\Study\Major_all_in_one_C\Data structue_Algorithm\19_AVL_Tree\main.c(144,46): warning C4133: '함수': 'Node *'과(와) 'Node *' 사이의 형식이 호환되지 않습니다.
C:\Users\skyriv\Desktop\Study\Major_all_in_one_C\Data structue_Algorithm\19_AVL_Tree\main.c(144,53): warning C4133: '=': 'Node *'과(와) 'Node *' 사이의 형식이 호환되지 않습니다.
C:\Users\skyriv\Desktop\Study\Major_all_in_one_C\Data structue_Algorithm\19_AVL_Tree\main.c(148,48): warning C4133: '함수': 'Node *'과(와) 'Node *' 사이의 형식이 호환되지 않습니다.
C:\Users\skyriv\Desktop\Study\Major_all_in_one_C\Data structue_Algorithm\19_AVL_Tree\main.c(148,55): warning C4133: '=': 'Node *'과(와) 'Node *' 사이의 형식이 호환되지 않습니다.
C:\Users\skyriv\Desktop\Study\Major_all_in_one_C\Data structue_Algorithm\19_AVL_Tree\main.c(165,27): warning C4133: '함수': 'Node *'과(와) 'Node *' 사이의 형식이 호환되지 않습니다.
C:\Users\skyriv\Desktop\Study\Major_all_in_one_C\Data structue_Algorithm\19_AVL_Tree\main.c(174,26): warning C4133: '함수': 'Node *'과(와) 'Node *' 사이의 형식이 호환되지 않습니다.
C:\Users\skyriv\Desktop\Study\Major_all_in_one_C\Data structue_Algorithm\19_AVL_Tree\main.c(129): warning C4715: 'balance': 모든 제어 경로에서 값을 반환하지는 않습니다.
main.obj : error LNK2019: _ratateRR_rotateLR 함수에서 참조되는 확인할 수 없는 외부 기호
main.obj : error LNK2019: _ratateLL_rotateRL 함수에서 참조되는 확인할 수 없는 외부 기호
C:\Users\skyriv\Desktop\Study\Major_all_in_one_C\Data structue_Algorithm\19_AVL_Tree\Debug\19_AVL_Tree.exe : fatal error LNK1120: 2개의 확인할 수 없는 외부 참조입니다.
